<?xml version="1.0" encoding="UTF-8"?>
<testsuite name="InvoiceServiceTest" tests="1" skipped="0" failures="0" errors="0" timestamp="2019-12-16T13:14:07" hostname="FH400" time="0.004">
  <properties/>
  <testcase name="givenUserIdAndRides_ShouldGive_InvoiceSummary" classname="InvoiceServiceTest" time="0.004"/>
  <system-out><![CDATA[]]></system-out>
  <system-err><![CDATA[]]></system-err>
</testsuite>
